tests/step02/test_step2b_periods_cli.py::test_step2b_cli_explicit_periods_single FAILED [  5%]
tests/step03/test_step3_dual_output.py::test_step3_creates_output_without_timestamp SKIPPED [  5%]
tests/step03/test_step3_dual_output.py::test_step3_output_has_period_label SKIPPED [  6%]
tests/step03/test_step3_dual_output.py::test_step3_output_consumable_by_downstream SKIPPED [  6%]
tests/step03/test_step3_dual_output_isolated.py::test_step3_dual_output_isolated PASSED [  6%]
tests/step04/test_step4_dual_output_isolated.py::test_step4_dual_output_isolated PASSED [  6%]
--
tests/step06/test_step6_dual_output.py::test_step6_output_has_period_label FAILED [  8%]
tests/step06/test_step6_dual_output.py::test_step6_output_consumable_by_downstream PASSED [  9%]
tests/step06/test_step6_dual_output_isolated.py::test_step6_dual_output_isolated PASSED [  9%]
tests/step06/test_step6_synthetic_clustering.py::test_step6_fixture_spu_clustering_isolated PASSED [  9%]
tests/step06/test_step6_synthetic_clustering.py::test_step6_fixture_subcategory_clustering_isolated PASSED [  9%]
tests/step06/test_step6_synthetic_clustering.py::test_step6_fixture_clustering_algorithm_isolated PASSED [ 10%]
--
tests/step07/test_step7_dual_output.py::test_step7_symlinks_point_to_timestamped FAILED [ 11%]
tests/step07/test_step7_dual_output_isolated.py::test_step7_dual_output_isolated PASSED [ 12%]
tests/step07/test_step7_execution.py::test_step7_creates_timestamped_outputs PASSED [ 12%]
tests/step07/test_step7_imports_and_smoke.py::test_step7_module_imports PASSED [ 12%]
tests/step07/test_step7_imports_and_smoke.py::test_step7_generates_outputs_and_schema FAILED [ 12%]
tests/step07/test_step7_synthetic_fixture_based.py::test_step7_fixture_basic_execution_isolated FAILED [ 13%]
tests/step07/test_step7_synthetic_fixture_based.py::test_step7_fixture_seasonal_blending_isolated FAILED [ 13%]
tests/step07/test_step7_synthetic_fixture_based.py::test_step7_fixture_output_structure_isolated FAILED [ 13%]
tests/step07/test_step7_synthetic_fixture_based.py::test_step7_fixture_fast_fish_integration_isolated FAILED [ 14%]
tests/step07/test_step7_synthetic_fixture_based.py::test_step7_fixture_cluster_analysis_isolated FAILED [ 14%]
tests/step07/test_step7_synthetic_missing_category.py::test_step7_synthetic_missing_spu_detection_isolated FAILED [ 14%]
tests/step07/test_step7_synthetic_missing_category.py::test_step7_synthetic_cluster_based_analysis_isolated FAILED [ 15%]
tests/step07/test_step7_synthetic_missing_category.py::test_step7_synthetic_seasonal_blending_isolated FAILED [ 15%]
tests/step07/test_step7_synthetic_missing_category.py::test_step7_synthetic_fast_fish_validation_isolated FAILED [ 15%]
tests/step07/test_step7_synthetic_missing_category.py::test_step7_synthetic_quantity_recommendations_isolated FAILED [ 15%]
tests/step08/test_step8_dual_output.py::test_step8_creates_timestamped_output PASSED [ 16%]
tests/step08/test_step8_dual_output.py::test_step8_creates_period_symlink PASSED [ 16%]
tests/step08/test_step8_dual_output.py::test_step8_symlinks_point_to_timestamped FAILED [ 16%]
tests/step08/test_step8_dual_output_isolated.py::test_step8_dual_output_isolated PASSED [ 17%]
tests/step09/test_step9_dual_output.py::test_step9_creates_timestamped_output PASSED [ 17%]
tests/step09/test_step9_dual_output.py::test_step9_creates_period_symlink PASSED [ 17%]
tests/step09/test_step9_dual_output.py::test_step9_symlinks_point_to_timestamped FAILED [ 18%]
tests/step09/test_step9_dual_output_isolated.py::test_step9_dual_output_isolated PASSED [ 18%]
tests/step10/test_step10_dual_output.py::test_step10_creates_timestamped_output PASSED [ 18%]
tests/step10/test_step10_dual_output.py::test_step10_creates_period_symlink PASSED [ 18%]
tests/step10/test_step10_dual_output.py::test_step10_symlinks_point_to_timestamped FAILED [ 19%]
tests/step10/test_step10_dual_output_isolated.py::test_step10_dual_output_isolated PASSED [ 19%]
tests/step11/test_step11_dual_output.py::test_step11_creates_timestamped_output PASSED [ 19%]
tests/step11/test_step11_dual_output.py::test_step11_creates_period_symlink PASSED [ 20%]
tests/step11/test_step11_dual_output.py::test_step11_symlinks_point_to_timestamped FAILED [ 20%]
tests/step11/test_step11_dual_output_isolated.py::test_step11_dual_output_isolated PASSED [ 20%]
tests/step12/test_step12_dual_output.py::test_step12_creates_timestamped_output PASSED [ 21%]
tests/step12/test_step12_dual_output.py::test_step12_creates_period_symlink PASSED [ 21%]
tests/step12/test_step12_dual_output.py::test_step12_symlinks_point_to_timestamped FAILED [ 21%]
tests/step12/test_step12_dual_output_isolated.py::test_step12_dual_output_isolated PASSED [ 21%]
tests/step13/test_step13_alignment_synthetic.py::test_alignment_non_zero_mix PASSED [ 22%]
tests/step13/test_step13_alignment_synthetic.py::test_alignment_zero_history_cap PASSED [ 22%]
tests/step13/test_step13_dual_output.py::test_step13_creates_timestamped_output PASSED [ 22%]
tests/step13/test_step13_dual_output.py::test_step13_creates_period_symlink PASSED [ 23%]
tests/step13/test_step13_dual_output.py::test_step13_symlinks_point_to_timestamped FAILED [ 23%]
tests/step13/test_step13_dual_output_isolated.py::test_step13_dual_output_isolated PASSED [ 23%]
tests/step13/test_step13_integrity.py::test_step13_store_summary_matches_detailed FAILED [ 24%]
tests/step13/test_step13_integrity.py::test_step13_cluster_subcategory_sums_match_detailed FAILED [ 24%]
tests/step13/test_step13_integrity.py::test_step13_no_sales_new_classes_blocked FAILED [ 24%]
tests/step13/test_step13_integrity.py::test_step13_allocations_follow_sales_distribution FAILED [ 24%]
tests/step13/test_step13_post_consolidation_validations.py::test_step13_outputs_and_schema_exist FAILED [ 25%]
tests/step13/test_step13_post_consolidation_validations.py::test_step13_presence_of_target_subcategories_enforced FAILED [ 25%]
tests/step13/test_step13_post_consolidation_validations.py::test_step13_minimum_store_volume_floor FAILED [ 25%]
tests/step13/test_step13_post_consolidation_validations.py::test_step13_minimum_store_net_volume_floor FAILED [ 26%]
tests/step13/test_step13_post_consolidation_validations.py::test_step13_absence_of_casual_pants_fails FAILED [ 26%]
tests/step13/test_step13_post_consolidation_validations.py::test_step13_absence_of_jogger_pants_fails FAILED [ 26%]
tests/step13/test_step13_synthetic_alignment.py::test_alignment_non_zero_mix_isolated PASSED [ 27%]
tests/step13/test_step13_synthetic_alignment.py::test_alignment_zero_history_cap_isolated PASSED [ 27%]
tests/step13/test_step13_synthetic_regression.py::test_step13_synthetic_end_to_end PASSED [ 27%]
tests/step14/test_step14_coverage_and_format.py::test_step14_future_season_coverage_present FAILED [ 27%]
tests/step14/test_step14_coverage_and_format.py::test_step14_frontcourt_coverage_present PASSED [ 28%]
tests/step14/test_step14_coverage_and_format.py::test_step14_dimensional_fields_are_zh_only FAILED [ 28%]
tests/step14/test_step14_dual_output.py::test_step14_creates_timestamped_output PASSED [ 28%]
tests/step14/test_step14_dual_output.py::test_step14_creates_period_symlink PASSED [ 29%]
tests/step14/test_step14_dual_output.py::test_step14_symlinks_point_to_timestamped FAILED [ 29%]
tests/step14/test_step14_dual_output_isolated.py::test_step14_dual_output_isolated PASSED [ 29%]
tests/step14/test_step14_synthetic_coverage.py::test_step14_winter_coverage_synthetic_sufficient PASSED [ 30%]
tests/step14/test_step14_synthetic_coverage.py::test_step14_winter_coverage_synthetic_insufficient PASSED [ 30%]
tests/step14/test_step14_synthetic_coverage.py::test_step14_frontcourt_coverage_synthetic PASSED [ 30%]
tests/step14/test_step14_synthetic_coverage.py::test_step14_gender_distribution_synthetic PASSED [ 30%]
tests/step14/test_step14_synthetic_coverage.py::test_step14_output_format_validation_synthetic FAILED [ 31%]
tests/step14/test_step14_synthetic_coverage.py::test_step14_isolation_synthetic PASSED [ 31%]
tests/step14/test_step14_zh_only.py::test_step14_dimensional_fields_are_zh_only[Season-allowed0] PASSED [ 31%]
tests/step14/test_step14_zh_only.py::test_step14_dimensional_fields_are_zh_only[Gender-allowed1] PASSED [ 32%]
tests/step14/test_step14_zh_only.py::test_step14_dimensional_fields_are_zh_only[Location-allowed2] PASSED [ 32%]
tests/step14/test_step14_zh_only.py::test_target_style_tags_present_and_contains_zh_tokens PASSED [ 32%]
--
tests/step17/test_step17_synthetic_imports_and_execution.py::TestStep17Synthetic::test_step17_execution_with_synthetic_data FAILED [ 37%]
tests/step17/test_step17_synthetic_imports_and_execution.py::TestStep17Synthetic::test_step17_data_processing_logic PASSED [ 37%]
tests/step17/test_step17_synthetic_imports_and_execution.py::TestStep17Synthetic::test_step17_error_handling PASSED [ 37%]
tests/step17/test_step17_synthetic_imports_and_execution.py::TestStep17Synthetic::test_step17_period_awareness PASSED [ 38%]
tests/step17/test_step17_synthetic_imports_and_execution.py::test_step17_synthetic_regression FAILED [ 38%]
tests/step18/test_step18_dual_output.py::test_step18_creates_output_without_timestamp PASSED [ 38%]
tests/step18/test_step18_dual_output.py::test_step18_output_has_period_label PASSED [ 39%]
tests/step18/test_step18_dual_output.py::test_step18_output_consumable_by_downstream PASSED [ 39%]
tests/step18/test_step18_dual_output_isolated.py::test_step18_dual_output_isolated PASSED [ 39%]
tests/step19/test_step19_dual_output.py::test_step19_creates_output_without_timestamp PASSED [ 39%]
--
tests/step24/test_step24_dual_output.py::test_step24_creates_output_without_timestamp FAILED [ 46%]
tests/step24/test_step24_dual_output.py::test_step24_output_has_period_label PASSED [ 47%]
tests/step24/test_step24_dual_output.py::test_step24_output_consumable_by_downstream PASSED [ 47%]
tests/step24/test_step24_dual_output_isolated.py::test_step24_dual_output_isolated PASSED [ 47%]
tests/step25/test_step25_dual_output.py::test_step25_creates_output_without_timestamp FAILED [ 48%]
tests/step25/test_step25_dual_output.py::test_step25_output_has_period_label PASSED [ 48%]
tests/step25/test_step25_dual_output.py::test_step25_output_consumable_by_downstream PASSED [ 48%]
tests/step25/test_step25_dual_output_isolated.py::test_step25_dual_output_isolated PASSED [ 48%]
tests/step26/test_step26_dual_output.py::test_step26_creates_output_without_timestamp FAILED [ 49%]
tests/step26/test_step26_dual_output.py::test_step26_output_has_period_label PASSED [ 49%]
tests/step26/test_step26_dual_output.py::test_step26_output_consumable_by_downstream PASSED [ 49%]
tests/step26/test_step26_dual_output_isolated.py::test_step26_dual_output_isolated PASSED [ 50%]
tests/step27/test_step27_dual_output.py::test_step27_creates_output_without_timestamp FAILED [ 50%]
tests/step27/test_step27_dual_output.py::test_step27_output_has_period_label PASSED [ 50%]
tests/step27/test_step27_dual_output.py::test_step27_output_consumable_by_downstream PASSED [ 51%]
tests/step27/test_step27_dual_output_isolated.py::test_step27_dual_output_isolated PASSED [ 51%]
tests/step28/test_step28_dual_output.py::test_step28_creates_output_without_timestamp PASSED [ 51%]
tests/step28/test_step28_dual_output.py::test_step28_output_has_period_label PASSED [ 51%]
--
tests/step2b/test_step2b_periods_and_outputs.py::test_step2b_cli_two_periods_generates_consolidated_outputs FAILED [ 56%]
tests/step2b/test_step2b_periods_and_outputs.py::test_step2b_cli_single_period_still_works FAILED [ 57%]
tests/step2b/test_step2b_synthetic_isolated.py::test_step2b_two_periods_generates_consolidated_outputs_isolated FAILED [ 57%]
tests/step2b/test_step2b_synthetic_isolated.py::test_step2b_single_period_still_works_isolated FAILED [ 57%]
tests/step2b/test_step2b_synthetic_isolated.py::test_step2b_output_isolation_isolated FAILED [ 57%]
tests/step30/test_step30_dual_output.py::test_step30_creates_output_without_timestamp SKIPPED [ 58%]
tests/step30/test_step30_dual_output.py::test_step30_output_has_period_label SKIPPED [ 58%]
tests/step30/test_step30_dual_output.py::test_step30_output_consumable_by_downstream SKIPPED [ 58%]
tests/step30/test_step30_dual_output_isolated.py::test_step30_dual_output_isolated PASSED [ 59%]
tests/step31/test_step31_dual_output.py::test_step31_creates_output_without_timestamp FAILED [ 59%]
tests/step31/test_step31_dual_output.py::test_step31_output_has_period_label PASSED [ 59%]
tests/step31/test_step31_dual_output.py::test_step31_output_consumable_by_downstream PASSED [ 60%]
tests/step31/test_step31_dual_output_isolated.py::test_step31_dual_output_isolated PASSED [ 60%]
tests/step31/test_step31_synthetic_duplicate_columns.py::TestStep31DuplicateColumns::test_duplicate_column_detection_and_removal PASSED [ 60%]
tests/step31/test_step31_synthetic_duplicate_columns.py::TestStep31DuplicateColumns::test_integrated_dataset_creation_with_duplicates PASSED [ 60%]
--
tests/step32/test_step32_synthetic_allocation_logic.py::TestStep32AllocationLogic::test_weight_based_allocation_distribution FAILED [ 64%]
tests/step32/test_step32_synthetic_allocation_logic.py::TestStep32AllocationLogic::test_positive_and_negative_allocations FAILED [ 64%]
tests/step32/test_step32_synthetic_allocation_logic.py::TestStep32AllocationLogic::test_future_oriented_protection_logic FAILED [ 65%]
tests/step32/test_step32_synthetic_allocation_logic.py::TestStep32AllocationLogic::test_store_group_validation_and_matching FAILED [ 65%]
tests/step32/test_step32_synthetic_allocation_logic.py::TestStep32AllocationLogic::test_allocation_validation_accuracy FAILED [ 65%]
tests/step32/test_step32_synthetic_allocation_logic.py::test_step32_allocation_logic_regression FAILED [ 66%]
tests/step32/test_step32_synthetic_date_logic_and_allocation.py::TestStep32Synthetic::test_step32_date_advancement_logic PASSED [ 66%]
tests/step32/test_step32_synthetic_date_logic_and_allocation.py::TestStep32Synthetic::test_step32_date_edge_cases PASSED [ 66%]
tests/step32/test_step32_synthetic_date_logic_and_allocation.py::TestStep32Synthetic::test_step32_execution_with_synthetic_data PASSED [ 66%]
tests/step32/test_step32_synthetic_date_logic_and_allocation.py::TestStep32Synthetic::test_step32_store_group_processing PASSED [ 67%]
tests/step32/test_step32_synthetic_date_logic_and_allocation.py::TestStep32Synthetic::test_step32_period_parameter_handling PASSED [ 67%]
--
tests/step32/test_step32_synthetic_duplicate_columns.py::TestStep32DuplicateColumns::test_duplicate_column_detection_and_removal FAILED [ 68%]
tests/step32/test_step32_synthetic_duplicate_columns.py::TestStep32DuplicateColumns::test_store_mapping_validation_and_fallback FAILED [ 68%]
tests/step32/test_step32_synthetic_duplicate_columns.py::TestStep32DuplicateColumns::test_allocation_accuracy_with_duplicates FAILED [ 69%]
tests/step32/test_step32_synthetic_duplicate_columns.py::TestStep32DuplicateColumns::test_edge_case_empty_allocations PASSED [ 69%]
tests/step32/test_step32_synthetic_duplicate_columns.py::test_step32_duplicate_column_regression FAILED [ 69%]
tests/step32/test_step32_variable_scope_fix.py::test_step32_generic_validation_report_defined_in_scope PASSED [ 69%]
tests/step32/test_step32_variable_scope_fix.py::test_step32_generic_summary_report_defined_in_scope PASSED [ 70%]
tests/step32/test_step32_variable_scope_fix.py::test_step32_no_undefined_variables_in_functions PASSED [ 70%]
tests/step33/test_step33_dual_output.py::test_step33_creates_output_without_timestamp PASSED [ 70%]
tests/step33/test_step33_dual_output.py::test_step33_output_has_period_label PASSED [ 71%]
--
tests/step36/test_step36_category_and_buffer.py::test_category_coverage_casual_pants_and_buffer_and_tempzone FAILED [ 74%]
tests/step36/test_step36_dual_output.py::test_step36_creates_output_without_timestamp PASSED [ 74%]
tests/step36/test_step36_dual_output.py::test_step36_output_has_period_label PASSED [ 75%]
tests/step36/test_step36_dual_output.py::test_step36_output_consumable_by_downstream PASSED [ 75%]
tests/step36/test_step36_dual_output_isolated.py::test_step36_dual_output_isolated PASSED [ 75%]
tests/step36/test_step36_planning_and_temperature.py::test_step36_generates_planning_season_and_temperature_zone PASSED [ 75%]
tests/step36/test_step36_synthetic_unified_delivery.py::TestStep36Synthetic::test_step36_category_validation FAILED [ 76%]
tests/step36/test_step36_synthetic_unified_delivery.py::TestStep36Synthetic::test_step36_buffer_calculations PASSED [ 76%]
tests/step36/test_step36_synthetic_unified_delivery.py::TestStep36Synthetic::test_step36_temperature_mapping FAILED [ 76%]
tests/step36/test_step36_synthetic_unified_delivery.py::TestStep36Synthetic::test_step36_excel_output_creation PASSED [ 77%]
tests/step36/test_step36_synthetic_unified_delivery.py::TestStep36Synthetic::test_step36_validation_output PASSED [ 77%]
tests/step36/test_step36_synthetic_unified_delivery.py::TestStep36Synthetic::test_step36_womens_casual_pants_presence FAILED [ 77%]
tests/step36/test_step36_synthetic_unified_delivery.py::TestStep36Synthetic::test_step36_planning_season_mapping FAILED [ 78%]
tests/step36/test_step36_synthetic_unified_delivery.py::TestStep36Synthetic::test_step36_error_handling_missing_data PASSED [ 78%]
tests/step36/test_step36_synthetic_unified_delivery.py::test_step36_synthetic_regression FAILED [ 78%]
tests/step36/test_step36_womens_casual_pants_presence.py::test_step36_presence_womens_casual_pants FAILED [ 78%]
tests/step36/test_step36_zh_only.py::test_step36_unified_dimensional_fields_are_zh_only[Season-allowed0] PASSED [ 79%]
tests/step36/test_step36_zh_only.py::test_step36_unified_dimensional_fields_are_zh_only[Gender-allowed1] PASSED [ 79%]
tests/step36/test_step36_zh_only.py::test_step36_unified_dimensional_fields_are_zh_only[Location-allowed2] PASSED [ 79%]
tests/subset_tests/test_step12_subset_comprehensive.py::TestStep12SubsetComprehensive::test_step12_subset_spu_analysis_join_modes SKIPPED [ 80%]
tests/subset_tests/test_step12_subset_comprehensive.py::TestStep12SubsetComprehensive::test_step12_subset_quantity_cap_sweeps SKIPPED [ 80%]
--
tests/test_docs/test_updated_steps_execution.py::test_business_rules_create_timestamped_outputs[9-step9_below_minimum_rule.py-rule9_below_minimum_spu_sellthrough_results_202510A_\\d{8}_\\d{6}\\.csv] FAILED [ 93%]
tests/test_docs/test_updated_steps_execution.py::test_business_rules_create_timestamped_outputs[10-step10_spu_assortment_optimization.py-rule10_smart_overcapacity_results_202510A_\\d{8}_\\d{6}\\.csv] FAILED [ 93%]
tests/test_docs/test_updated_steps_execution.py::test_business_rules_create_timestamped_outputs[11-step11_missed_sales_opportunity.py-rule11_improved_missed_sales_opportunity_spu_results_202510A_\\d{8}_\\d{6}\\.csv] FAILED [ 93%]
tests/test_docs/test_updated_steps_execution.py::test_business_rules_create_timestamped_outputs[12-step12_sales_performance_rule.py-rule12_sales_performance_spu_results_202510A_\\d{8}_\\d{6}\\.csv] FAILED [ 93%]
tests/test_docs/test_updated_steps_execution.py::test_step13_consolidate_creates_timestamped_outputs SKIPPED [ 94%]
tests/test_dual_output_validation.py::test_output_directory_exists PASSED [ 94%]
tests/test_dual_output_validation.py::test_timestamped_files_exist PASSED [ 94%]
tests/test_dual_output_validation.py::test_timestamped_files_are_real_files PASSED [ 95%]
tests/test_dual_output_validation.py::test_timestamp_format_correct PASSED [ 95%]
--
tests/test_dual_output_validation.py::test_symlinks_point_to_timestamped_files FAILED [ 96%]
tests/test_dual_output_validation.py::test_symlinks_use_basename PASSED  [ 96%]
tests/test_dual_output_validation.py::test_dual_output_pattern_summary PASSED [ 96%]
tests/test_steps_10_to_15.py::test_step9_creates_timestamped_outputs PASSED [ 97%]
tests/test_steps_10_to_15.py::test_step10_creates_timestamped_outputs SKIPPED [ 97%]
tests/test_steps_10_to_15.py::test_step11_creates_timestamped_outputs PASSED [ 97%]
--
FAILED tests/step02/test_step2b_periods_cli.py::test_step2b_cli_explicit_periods_single
FAILED tests/step06/test_step6_dual_output.py::test_step6_output_has_period_label
FAILED tests/step07/test_step7_dual_output.py::test_step7_symlinks_point_to_timestamped
FAILED tests/step07/test_step7_imports_and_smoke.py::test_step7_generates_outputs_and_schema
FAILED tests/step07/test_step7_synthetic_fixture_based.py::test_step7_fixture_basic_execution_isolated
FAILED tests/step07/test_step7_synthetic_fixture_based.py::test_step7_fixture_seasonal_blending_isolated
